<?xml version="1.0" encoding="UTF-8"?>
<testsuite xmlns:xsi="http://www.w3.org/2001/XMLSchema-instance" xsi:noNamespaceSchemaLocation="https://maven.apache.org/surefire/maven-surefire-plugin/xsd/surefire-test-report-3.0.xsd" version="3.0" name="com.example.demo.ApplicationTests" time="23.996" tests="1" errors="0" skipped="0" failures="0">
  <properties>
[...]
</properties>
  <testcase name="contextLoads" classname="com.example.demo.ApplicationTests" time="1.942">
    <system-out><![CDATA[02:06:08.731 [main] INFO org.springframework.test.context.support.AnnotationConfigContextLoaderUtils -- Could not detect default configuration classes for test class [com.example.demo.ApplicationTests]: ApplicationTests does not declare any static, non-private, non-final, nested classes annotated with @Configuration.
02:06:09.144 [main] INFO org.springframework.boot.test.context.SpringBootTestContextBootstrapper -- Found @SpringBootConfiguration com.example.demo.Application for test class com.example.demo.ApplicationTests
  .   ____          _            __ _ _
 /\\ / ___'_ __ _ _(_)_ __  __ _ \ \ \ \
( ( )\___ | '_ | '_| | '_ \/ _` | \ \ \ \
 \\/  ___)| |_)| | | | | || (_| |  ) ) ) )
  '  |____| .__|_| |_|_| |_\__, | / / / /
 =========|_|==============|___/=/_/_/_/

 :: Spring Boot ::                (v3.3.0)

2024-06-02T02:06:10.263+01:00  INFO 15100 --- [           main] com.example.demo.ApplicationTests        : Starting ApplicationTests using Java 20.0.2 with PID 15100 (started by Lenovo in C:\Users\Lenovo\OneDrive\Bureau\Master-S2\Java-Web\Horaires\horaires.server)
2024-06-02T02:06:10.266+01:00  INFO 15100 --- [           main] com.example.demo.ApplicationTests        : No active profile set, falling back to 1 default profile: "default"
2024-06-02T02:06:10.351+01:00 DEBUG 15100 --- [           main] o.s.w.c.s.GenericWebApplicationContext   : Refreshing org.springframework.web.context.support.GenericWebApplicationContext@3dddbe65
2024-06-02T02:06:12.327+01:00  INFO 15100 --- [           main] .s.d.r.c.RepositoryConfigurationDelegate : Bootstrapping Spring Data JPA repositories in DEFAULT mode.
2024-06-02T02:06:12.498+01:00  INFO 15100 --- [           main] .s.d.r.c.RepositoryConfigurationDelegate : Finished Spring Data repository scanning in 151 ms. Found 6 JPA repository interfaces.
2024-06-02T02:06:14.125+01:00  INFO 15100 --- [           main] o.hibernate.jpa.internal.util.LogHelper  : HHH000204: Processing PersistenceUnitInfo [name: default]
2024-06-02T02:06:14.275+01:00  INFO 15100 --- [           main] org.hibernate.Version                    : HHH000412: Hibernate ORM core version 6.5.2.Final
2024-06-02T02:06:14.351+01:00  INFO 15100 --- [           main] o.h.c.internal.RegionFactoryInitiator    : HHH000026: Second-level cache disabled
2024-06-02T02:06:15.464+01:00  INFO 15100 --- [           main] o.s.o.j.p.SpringPersistenceUnitInfo      : No LoadTimeWeaver setup: ignoring JPA class transformer
2024-06-02T02:06:15.540+01:00  INFO 15100 --- [           main] com.zaxxer.hikari.HikariDataSource       : HikariPool-1 - Starting...
2024-06-02T02:06:16.043+01:00  INFO 15100 --- [           main] com.zaxxer.hikari.pool.HikariPool        : HikariPool-1 - Added connection com.mysql.cj.jdbc.ConnectionImpl@3e28dc96
2024-06-02T02:06:16.047+01:00  INFO 15100 --- [           main] com.zaxxer.hikari.HikariDataSource       : HikariPool-1 - Start completed.
2024-06-02T02:06:16.192+01:00  WARN 15100 --- [           main] org.hibernate.dialect.Dialect            : HHH000511: The 5.5.5 version for [org.hibernate.dialect.MySQLDialect] is no longer supported, hence certain features may not work properly. The minimum supported version is 8.0.0. Check the community dialects project for available legacy versions.
2024-06-02T02:06:16.211+01:00  WARN 15100 --- [           main] org.hibernate.orm.deprecation            : HHH90000025: MySQLDialect does not need to be specified explicitly using 'hibernate.dialect' (remove the property setting and it will be selected by default)
2024-06-02T02:06:18.816+01:00  INFO 15100 --- [           main] o.h.e.t.j.p.i.JtaPlatformInitiator       : HHH000489: No JTA platform available (set 'hibernate.transaction.jta.platform' to enable JTA platform integration)
2024-06-02T02:06:18.881+01:00 DEBUG 15100 --- [           main] org.hibernate.SQL                        : create table admin (id bigint not null auto_increment, email varchar(255) not null, nom varchar(255), password varchar(255), prenom varchar(255), primary key (id)) engine=InnoDB
Hibernate: create table admin (id bigint not null auto_increment, email varchar(255) not null, nom varchar(255), password varchar(255), prenom varchar(255), primary key (id)) engine=InnoDB
2024-06-02T02:06:19.132+01:00 DEBUG 15100 --- [           main] org.hibernate.SQL                        : create table etudiant (id bigint not null auto_increment, email varchar(255) not null, nom varchar(255), password varchar(255), prenom varchar(255), filiere_id bigint, primary key (id)) engine=InnoDB
Hibernate: create table etudiant (id bigint not null auto_increment, email varchar(255) not null, nom varchar(255), password varchar(255), prenom varchar(255), filiere_id bigint, primary key (id)) engine=InnoDB
2024-06-02T02:06:19.265+01:00 DEBUG 15100 --- [           main] org.hibernate.SQL                        : create table filiere (id bigint not null auto_increment, nom_filiere varchar(255) not null, primary key (id)) engine=InnoDB
Hibernate: create table filiere (id bigint not null auto_increment, nom_filiere varchar(255) not null, primary key (id)) engine=InnoDB
2024-06-02T02:06:19.507+01:00 DEBUG 15100 --- [           main] org.hibernate.SQL                        : create table intervention (id bigint not null auto_increment, intitule varchar(255) not null, nombre_evaluations_inter integer not null, nombre_heures_cours_inter integer not null, nombre_heurestdinter integer not null, nombre_heurestpinter integer not null, module_id bigint, professeur_id bigint, primary key (id)) engine=InnoDB
Hibernate: create table intervention (id bigint not null auto_increment, intitule varchar(255) not null, nombre_evaluations_inter integer not null, nombre_heures_cours_inter integer not null, nombre_heurestdinter integer not null, nombre_heurestpinter integer not null, module_id bigint, professeur_id bigint, primary key (id)) engine=InnoDB
2024-06-02T02:06:19.739+01:00 DEBUG 15100 --- [           main] org.hibernate.SQL                        : create table modules (id bigint not null auto_increment, intitule varchar(255) not null, nombre_evaluations integer not null, nombre_heures_cours integer not null, nombre_heurestd integer not null, nombre_heurestp integer not null, filier_id bigint, primary key (id)) engine=InnoDB
Hibernate: create table modules (id bigint not null auto_increment, intitule varchar(255) not null, nombre_evaluations integer not null, nombre_heures_cours integer not null, nombre_heurestd integer not null, nombre_heurestp integer not null, filier_id bigint, primary key (id)) engine=InnoDB
2024-06-02T02:06:20.048+01:00 DEBUG 15100 --- [           main] org.hibernate.SQL                        : create table professeur (id bigint not null auto_increment, email varchar(255) not null, nom varchar(255), password varchar(255), prenom varchar(255), primary key (id)) engine=InnoDB
Hibernate: create table professeur (id bigint not null auto_increment, email varchar(255) not null, nom varchar(255), password varchar(255), prenom varchar(255), primary key (id)) engine=InnoDB
2024-06-02T02:06:20.359+01:00 DEBUG 15100 --- [           main] org.hibernate.SQL                        : alter table admin drop index UKc0r9atamxvbhjjvy5j8da1kam
Hibernate: alter table admin drop index UKc0r9atamxvbhjjvy5j8da1kam
2024-06-02T02:06:20.397+01:00 DEBUG 15100 --- [           main] org.hibernate.SQL                        : alter table admin add constraint UKc0r9atamxvbhjjvy5j8da1kam unique (email)
Hibernate: alter table admin add constraint UKc0r9atamxvbhjjvy5j8da1kam unique (email)
2024-06-02T02:06:20.551+01:00 DEBUG 15100 --- [           main] org.hibernate.SQL                        : alter table etudiant drop index UKfp3fcjv6jy2jsx19iq4cpd5p7
Hibernate: alter table etudiant drop index UKfp3fcjv6jy2jsx19iq4cpd5p7
2024-06-02T02:06:20.558+01:00 DEBUG 15100 --- [           main] org.hibernate.SQL                        : alter table etudiant add constraint UKfp3fcjv6jy2jsx19iq4cpd5p7 unique (email)
Hibernate: alter table etudiant add constraint UKfp3fcjv6jy2jsx19iq4cpd5p7 unique (email)
2024-06-02T02:06:20.752+01:00 DEBUG 15100 --- [           main] org.hibernate.SQL                        : alter table filiere drop index UKh17y4mpx5f5gx30dymmfusbvp
Hibernate: alter table filiere drop index UKh17y4mpx5f5gx30dymmfusbvp
2024-06-02T02:06:20.756+01:00 DEBUG 15100 --- [           main] org.hibernate.SQL                        : alter table filiere add constraint UKh17y4mpx5f5gx30dymmfusbvp unique (nom_filiere)
Hibernate: alter table filiere add constraint UKh17y4mpx5f5gx30dymmfusbvp unique (nom_filiere)
2024-06-02T02:06:20.985+01:00 DEBUG 15100 --- [           main] org.hibernate.SQL                        : alter table intervention drop index UKe3nvfsrlt6hfjvvgmdxwhjg0m
Hibernate: alter table intervention drop index UKe3nvfsrlt6hfjvvgmdxwhjg0m
2024-06-02T02:06:20.991+01:00 DEBUG 15100 --- [           main] org.hibernate.SQL                        : alter table intervention add constraint UKe3nvfsrlt6hfjvvgmdxwhjg0m unique (intitule)
Hibernate: alter table intervention add constraint UKe3nvfsrlt6hfjvvgmdxwhjg0m unique (intitule)
2024-06-02T02:06:21.144+01:00 DEBUG 15100 --- [           main] org.hibernate.SQL                        : alter table modules drop index UKd14j6iiots1twmb2357yh13sl
Hibernate: alter table modules drop index UKd14j6iiots1twmb2357yh13sl
2024-06-02T02:06:21.150+01:00 DEBUG 15100 --- [           main] org.hibernate.SQL                        : alter table modules add constraint UKd14j6iiots1twmb2357yh13sl unique (intitule)
Hibernate: alter table modules add constraint UKd14j6iiots1twmb2357yh13sl unique (intitule)
2024-06-02T02:06:21.302+01:00 DEBUG 15100 --- [           main] org.hibernate.SQL                        : alter table professeur drop index UK6rpvhy4fq3n25yo0h6tw5jn32
Hibernate: alter table professeur drop index UK6rpvhy4fq3n25yo0h6tw5jn32
2024-06-02T02:06:21.313+01:00 DEBUG 15100 --- [           main] org.hibernate.SQL                        : alter table professeur add constraint UK6rpvhy4fq3n25yo0h6tw5jn32 unique (email)
Hibernate: alter table professeur add constraint UK6rpvhy4fq3n25yo0h6tw5jn32 unique (email)
2024-06-02T02:06:21.466+01:00 DEBUG 15100 --- [           main] org.hibernate.SQL                        : alter table etudiant add constraint FKmph3yyex90twjoxoqkumd4yy9 foreign key (filiere_id) references filiere (id)
Hibernate: alter table etudiant add constraint FKmph3yyex90twjoxoqkumd4yy9 foreign key (filiere_id) references filiere (id)
2024-06-02T02:06:22.166+01:00 DEBUG 15100 --- [           main] org.hibernate.SQL                        : alter table intervention add constraint FKtp1u8nsukbleyhliivd76qvk5 foreign key (module_id) references modules (id)
Hibernate: alter table intervention add constraint FKtp1u8nsukbleyhliivd76qvk5 foreign key (module_id) references modules (id)
2024-06-02T02:06:22.788+01:00 DEBUG 15100 --- [           main] org.hibernate.SQL                        : alter table intervention add constraint FKl5b91dcognw6tinklajdv2fam foreign key (professeur_id) references professeur (id)
Hibernate: alter table intervention add constraint FKl5b91dcognw6tinklajdv2fam foreign key (professeur_id) references professeur (id)
2024-06-02T02:06:24.491+01:00 DEBUG 15100 --- [           main] org.hibernate.SQL                        : alter table modules add constraint FKcjos06plgoh68ul1gs9enghuc foreign key (filier_id) references filiere (id)
Hibernate: alter table modules add constraint FKcjos06plgoh68ul1gs9enghuc foreign key (filier_id) references filiere (id)
2024-06-02T02:06:25.221+01:00  INFO 15100 --- [           main] j.LocalContainerEntityManagerFactoryBean : Initialized JPA EntityManagerFactory for persistence unit 'default'
2024-06-02T02:06:27.227+01:00  WARN 15100 --- [           main] JpaBaseConfiguration$JpaWebConfiguration : spring.jpa.open-in-view is enabled by default. Therefore, database queries may be performed during view rendering. Explicitly configure spring.jpa.open-in-view to disable this warning
2024-06-02T02:06:27.278+01:00  WARN 15100 --- [           main] .s.s.UserDetailsServiceAutoConfiguration : 

Using generated security password: 47e7731e-35de-4961-85e3-654c8609aaf2

This generated password is for development use only. Your security configuration must be updated before running your application in production.

2024-06-02T02:06:27.370+01:00  INFO 15100 --- [           main] r$InitializeUserDetailsManagerConfigurer : Global AuthenticationManager configured with UserDetailsService bean with name inMemoryUserDetailsManager
2024-06-02T02:06:27.960+01:00 DEBUG 15100 --- [           main] s.w.s.m.m.a.RequestMappingHandlerMapping : 41 mappings in 'requestMappingHandlerMapping'
2024-06-02T02:06:28.438+01:00 DEBUG 15100 --- [           main] o.s.w.s.handler.SimpleUrlHandlerMapping  : Patterns [/webjars/**, /**] in 'resourceHandlerMapping'
2024-06-02T02:06:28.698+01:00  INFO 15100 --- [           main] o.s.s.web.DefaultSecurityFilterChain     : Will secure any request with [org.springframework.security.web.session.DisableEncodeUrlFilter@1a598e30, org.springframework.security.web.context.request.async.WebAsyncManagerIntegrationFilter@6768dc74, org.springframework.security.web.context.SecurityContextHolderFilter@7ff40324, org.springframework.security.web.header.HeaderWriterFilter@1cdb290c, org.springframework.web.filter.CorsFilter@31dbca5d, org.springframework.security.web.authentication.logout.LogoutFilter@554a2f3, org.springframework.security.web.authentication.www.BasicAuthenticationFilter@5da41d02, org.springframework.security.web.savedrequest.RequestCacheAwareFilter@7164e54, org.springframework.security.web.servletapi.SecurityContextHolderAwareRequestFilter@492a220e, org.springframework.security.web.authentication.AnonymousAuthenticationFilter@40c92dfa, org.springframework.security.web.access.ExceptionTranslationFilter@6a827b0c, org.springframework.security.web.access.intercept.FilterSecurityInterceptor@1a4564a2]
2024-06-02T02:06:29.603+01:00 DEBUG 15100 --- [           main] s.w.s.m.m.a.RequestMappingHandlerAdapter : ControllerAdvice beans: 0 @ModelAttribute, 0 @InitBinder, 1 RequestBodyAdvice, 1 ResponseBodyAdvice
2024-06-02T02:06:29.706+01:00 DEBUG 15100 --- [           main] .m.m.a.ExceptionHandlerExceptionResolver : ControllerAdvice beans: 0 @ExceptionHandler, 1 ResponseBodyAdvice
2024-06-02T02:06:30.015+01:00  INFO 15100 --- [           main] com.example.demo.ApplicationTests        : Started ApplicationTests in 20.429 seconds (process running for 23.647)
]]></system-out>
  </testcase>
</testsuite>